<?xml version="1.0" encoding="UTF-8"?>
<!-- Generated by org.testng.reporters.JUnitReportReporter -->
<testsuite hostname="DESKTOP-95ENLNH" name="com.etsy.qa.testCases.HomePageTest" tests="3" failures="0" timestamp="4 Jul 2020 17:53:42 GMT" time="36.010" errors="0">
  <testcase name="testHomePageTitle" time="13.970" classname="com.etsy.qa.testCases.HomePageTest"/>
  <testcase name="testSigninButton" time="12.646" classname="com.etsy.qa.testCases.HomePageTest"/>
  <testcase name="testHomePageLogo" time="9.394" classname="com.etsy.qa.testCases.HomePageTest"/>
</testsuite> <!-- com.etsy.qa.testCases.HomePageTest -->
