<?xml version="1.0" encoding="UTF-8"?>
<!-- Generated by org.testng.reporters.JUnitReportReporter -->
<testsuite hostname="DESKTOP-95ENLNH" name="com.etsy.qa.testCases.RegisterPageTest" tests="1" failures="0" timestamp="13 Jul 2020 16:58:03 GMT" time="14.323" errors="0">
  <testcase name="testRegisteration" time="14.323" classname="com.etsy.qa.testCases.RegisterPageTest"/>
</testsuite> <!-- com.etsy.qa.testCases.RegisterPageTest -->
